<?xml version="1.0" encoding="UTF-8"?>
<!-- Generated by org.testng.reporters.JUnitReportReporter -->
<testsuite hostname="DESKTOP-T9K4F2C" failures="0" tests="1" name="com.auto.testWebServices.testsimpleAPI" time="7.609" errors="0" timestamp="2024-03-16T02:22:04 EDT" skipped="0">
  <testcase classname="com.auto.testWebServices.testsimpleAPI" name="test_get_static_Case02" time="7.609"/>
</testsuite> <!-- com.auto.testWebServices.testsimpleAPI -->
